2025-10-02 09:52:44.615 [main] INFO  org.syos.infrastructure.util.LoggingService - SYOS POS Application starting up...
2025-10-02 09:52:44.853 [main] ERROR org.syos.infrastructure.util.LoggingService - Demonstration error
java.lang.RuntimeException: Sample error for demonstration
	at org.syos.infrastructure.util.LoggingServiceDemoTest.demonstrateLoggingServiceFeatures(LoggingServiceDemoTest.java:65)
	at java.base/jdk.internal.reflect.DirectMethodHandleAccessor.invoke(DirectMethodHandleAccessor.java:104)
	at java.base/java.lang.reflect.Method.invoke(Method.java:565)
	at org.junit.platform.commons.util.ReflectionUtils.invokeMethod(ReflectionUtils.java:727)
	at org.junit.jupiter.engine.execution.MethodInvocation.proceed(MethodInvocation.java:60)
	at org.junit.jupiter.engine.execution.InvocationInterceptorChain$ValidatingInvocation.proceed(InvocationInterceptorChain.java:131)
	at org.junit.jupiter.engine.extension.TimeoutExtension.intercept(TimeoutExtension.java:156)
	at org.junit.jupiter.engine.extension.TimeoutExtension.interceptTestableMethod(TimeoutExtension.java:147)
	at org.junit.jupiter.engine.extension.TimeoutExtension.interceptTestMethod(TimeoutExtension.java:86)
	at org.junit.jupiter.engine.execution.InterceptingExecutableInvoker$ReflectiveInterceptorCall.lambda$ofVoidMethod$0(InterceptingExecutableInvoker.java:103)
	at org.junit.jupiter.engine.execution.InterceptingExecutableInvoker.lambda$invoke$0(InterceptingExecutableInvoker.java:93)
	at org.junit.jupiter.engine.execution.InvocationInterceptorChain$InterceptedInvocation.proceed(InvocationInterceptorChain.java:106)
	at org.junit.jupiter.engine.execution.InvocationInterceptorChain.proceed(InvocationInterceptorChain.java:64)
	at org.junit.jupiter.engine.execution.InvocationInterceptorChain.chainAndInvoke(InvocationInterceptorChain.java:45)
	at org.junit.jupiter.engine.execution.InvocationInterceptorChain.invoke(InvocationInterceptorChain.java:37)
	at org.junit.jupiter.engine.execution.InterceptingExecutableInvoker.invoke(InterceptingExecutableInvoker.java:92)
	at org.junit.jupiter.engine.execution.InterceptingExecutableInvoker.invoke(InterceptingExecutableInvoker.java:86)
	at org.junit.jupiter.engine.descriptor.TestMethodTestDescriptor.lambda$invokeTestMethod$7(TestMethodTestDescriptor.java:217)
	at org.junit.platform.engine.support.hierarchical.ThrowableCollector.execute(ThrowableCollector.java:73)
	at org.junit.jupiter.engine.descriptor.TestMethodTestDescriptor.invokeTestMethod(TestMethodTestDescriptor.java:213)
	at org.junit.jupiter.engine.descriptor.TestMethodTestDescriptor.execute(TestMethodTestDescriptor.java:138)
	at org.junit.jupiter.engine.descriptor.TestMethodTestDescriptor.execute(TestMethodTestDescriptor.java:68)
	at org.junit.platform.engine.support.hierarchical.NodeTestTask.lambda$executeRecursively$6(NodeTestTask.java:151)
	at org.junit.platform.engine.support.hierarchical.ThrowableCollector.execute(ThrowableCollector.java:73)
	at org.junit.platform.engine.support.hierarchical.NodeTestTask.lambda$executeRecursively$8(NodeTestTask.java:141)
	at org.junit.platform.engine.support.hierarchical.Node.around(Node.java:137)
	at org.junit.platform.engine.support.hierarchical.NodeTestTask.lambda$executeRecursively$9(NodeTestTask.java:139)
	at org.junit.platform.engine.support.hierarchical.ThrowableCollector.execute(ThrowableCollector.java:73)
	at org.junit.platform.engine.support.hierarchical.NodeTestTask.executeRecursively(NodeTestTask.java:138)
	at org.junit.platform.engine.support.hierarchical.NodeTestTask.execute(NodeTestTask.java:95)
	at java.base/java.util.ArrayList.forEach(ArrayList.java:1604)
	at org.junit.platform.engine.support.hierarchical.SameThreadHierarchicalTestExecutorService.invokeAll(SameThreadHierarchicalTestExecutorService.java:41)
	at org.junit.platform.engine.support.hierarchical.NodeTestTask.lambda$executeRecursively$6(NodeTestTask.java:155)
	at org.junit.platform.engine.support.hierarchical.ThrowableCollector.execute(ThrowableCollector.java:73)
	at org.junit.platform.engine.support.hierarchical.NodeTestTask.lambda$executeRecursively$8(NodeTestTask.java:141)
	at org.junit.platform.engine.support.hierarchical.Node.around(Node.java:137)
	at org.junit.platform.engine.support.hierarchical.NodeTestTask.lambda$executeRecursively$9(NodeTestTask.java:139)
	at org.junit.platform.engine.support.hierarchical.ThrowableCollector.execute(ThrowableCollector.java:73)
	at org.junit.platform.engine.support.hierarchical.NodeTestTask.executeRecursively(NodeTestTask.java:138)
	at org.junit.platform.engine.support.hierarchical.NodeTestTask.execute(NodeTestTask.java:95)
	at java.base/java.util.ArrayList.forEach(ArrayList.java:1604)
	at org.junit.platform.engine.support.hierarchical.SameThreadHierarchicalTestExecutorService.invokeAll(SameThreadHierarchicalTestExecutorService.java:41)
	at org.junit.platform.engine.support.hierarchical.NodeTestTask.lambda$executeRecursively$6(NodeTestTask.java:155)
	at org.junit.platform.engine.support.hierarchical.ThrowableCollector.execute(ThrowableCollector.java:73)
	at org.junit.platform.engine.support.hierarchical.NodeTestTask.lambda$executeRecursively$8(NodeTestTask.java:141)
	at org.junit.platform.engine.support.hierarchical.Node.around(Node.java:137)
	at org.junit.platform.engine.support.hierarchical.NodeTestTask.lambda$executeRecursively$9(NodeTestTask.java:139)
	at org.junit.platform.engine.support.hierarchical.ThrowableCollector.execute(ThrowableCollector.java:73)
	at org.junit.platform.engine.support.hierarchical.NodeTestTask.executeRecursively(NodeTestTask.java:138)
	at org.junit.platform.engine.support.hierarchical.NodeTestTask.execute(NodeTestTask.java:95)
	at org.junit.platform.engine.support.hierarchical.SameThreadHierarchicalTestExecutorService.submit(SameThreadHierarchicalTestExecutorService.java:35)
	at org.junit.platform.engine.support.hierarchical.HierarchicalTestExecutor.execute(HierarchicalTestExecutor.java:57)
	at org.junit.platform.engine.support.hierarchical.HierarchicalTestEngine.execute(HierarchicalTestEngine.java:54)
	at org.junit.platform.launcher.core.EngineExecutionOrchestrator.execute(EngineExecutionOrchestrator.java:147)
	at org.junit.platform.launcher.core.EngineExecutionOrchestrator.execute(EngineExecutionOrchestrator.java:127)
	at org.junit.platform.launcher.core.EngineExecutionOrchestrator.execute(EngineExecutionOrchestrator.java:90)
	at org.junit.platform.launcher.core.EngineExecutionOrchestrator.lambda$execute$0(EngineExecutionOrchestrator.java:55)
	at org.junit.platform.launcher.core.EngineExecutionOrchestrator.withInterceptedStreams(EngineExecutionOrchestrator.java:102)
	at org.junit.platform.launcher.core.EngineExecutionOrchestrator.execute(EngineExecutionOrchestrator.java:54)
	at org.junit.platform.launcher.core.DefaultLauncher.execute(DefaultLauncher.java:114)
	at org.junit.platform.launcher.core.DefaultLauncher.execute(DefaultLauncher.java:95)
	at org.junit.platform.launcher.core.DefaultLauncherSession$DelegatingLauncher.execute(DefaultLauncherSession.java:91)
	at org.junit.platform.launcher.core.SessionPerRequestLauncher.execute(SessionPerRequestLauncher.java:60)
	at org.eclipse.jdt.internal.junit5.runner.JUnit5TestReference.run(JUnit5TestReference.java:100)
	at org.eclipse.jdt.internal.junit.runner.TestExecution.run(TestExecution.java:40)
	at org.eclipse.jdt.internal.junit.runner.RemoteTestRunner.runTests(RemoteTestRunner.java:520)
	at org.eclipse.jdt.internal.junit.runner.RemoteTestRunner.runTests(RemoteTestRunner.java:748)
	at org.eclipse.jdt.internal.junit.runner.RemoteTestRunner.run(RemoteTestRunner.java:443)
	at org.eclipse.jdt.internal.junit.runner.RemoteTestRunner.main(RemoteTestRunner.java:211)
2025-10-02 09:52:44.899 [main] WARN  org.syos.infrastructure.util.LoggingService - Validation error - Entity: Customer, Field: phoneNumber, Value: invalid-phone, Error: Invalid phone format
2025-10-02 09:52:44.899 [main] WARN  org.syos.infrastructure.util.LoggingService - Business rule violation - Rule: InsufficientStock, Context: Item ITEM-001 quantity: 0
2025-10-02 09:52:44.951 [main] WARN  org.syos.infrastructure.util.LoggingService - Slow operation detected - Operation: Database Query, Time: 1500ms, Threshold: 1000ms
2025-10-02 09:52:44.951 [main] INFO  org.syos.infrastructure.util.LoggingService - SYOS POS Application shutting down...
2025-10-02 09:52:45.009 [main] ERROR org.syos.infrastructure.util.LoggingService - Operation failed: Error Operation after 28ms - Error: Simulated error for testing
java.lang.RuntimeException: Simulated error for testing
	at org.syos.infrastructure.util.LoggingServiceDemoTest.testPerformanceMonitoringWithError(LoggingServiceDemoTest.java:131)
	at java.base/jdk.internal.reflect.DirectMethodHandleAccessor.invoke(DirectMethodHandleAccessor.java:104)
	at java.base/java.lang.reflect.Method.invoke(Method.java:565)
	at org.junit.platform.commons.util.ReflectionUtils.invokeMethod(ReflectionUtils.java:727)
	at org.junit.jupiter.engine.execution.MethodInvocation.proceed(MethodInvocation.java:60)
	at org.junit.jupiter.engine.execution.InvocationInterceptorChain$ValidatingInvocation.proceed(InvocationInterceptorChain.java:131)
	at org.junit.jupiter.engine.extension.TimeoutExtension.intercept(TimeoutExtension.java:156)
	at org.junit.jupiter.engine.extension.TimeoutExtension.interceptTestableMethod(TimeoutExtension.java:147)
	at org.junit.jupiter.engine.extension.TimeoutExtension.interceptTestMethod(TimeoutExtension.java:86)
	at org.junit.jupiter.engine.execution.InterceptingExecutableInvoker$ReflectiveInterceptorCall.lambda$ofVoidMethod$0(InterceptingExecutableInvoker.java:103)
	at org.junit.jupiter.engine.execution.InterceptingExecutableInvoker.lambda$invoke$0(InterceptingExecutableInvoker.java:93)
	at org.junit.jupiter.engine.execution.InvocationInterceptorChain$InterceptedInvocation.proceed(InvocationInterceptorChain.java:106)
	at org.junit.jupiter.engine.execution.InvocationInterceptorChain.proceed(InvocationInterceptorChain.java:64)
	at org.junit.jupiter.engine.execution.InvocationInterceptorChain.chainAndInvoke(InvocationInterceptorChain.java:45)
	at org.junit.jupiter.engine.execution.InvocationInterceptorChain.invoke(InvocationInterceptorChain.java:37)
	at org.junit.jupiter.engine.execution.InterceptingExecutableInvoker.invoke(InterceptingExecutableInvoker.java:92)
	at org.junit.jupiter.engine.execution.InterceptingExecutableInvoker.invoke(InterceptingExecutableInvoker.java:86)
	at org.junit.jupiter.engine.descriptor.TestMethodTestDescriptor.lambda$invokeTestMethod$7(TestMethodTestDescriptor.java:217)
	at org.junit.platform.engine.support.hierarchical.ThrowableCollector.execute(ThrowableCollector.java:73)
	at org.junit.jupiter.engine.descriptor.TestMethodTestDescriptor.invokeTestMethod(TestMethodTestDescriptor.java:213)
	at org.junit.jupiter.engine.descriptor.TestMethodTestDescriptor.execute(TestMethodTestDescriptor.java:138)
	at org.junit.jupiter.engine.descriptor.TestMethodTestDescriptor.execute(TestMethodTestDescriptor.java:68)
	at org.junit.platform.engine.support.hierarchical.NodeTestTask.lambda$executeRecursively$6(NodeTestTask.java:151)
	at org.junit.platform.engine.support.hierarchical.ThrowableCollector.execute(ThrowableCollector.java:73)
	at org.junit.platform.engine.support.hierarchical.NodeTestTask.lambda$executeRecursively$8(NodeTestTask.java:141)
	at org.junit.platform.engine.support.hierarchical.Node.around(Node.java:137)
	at org.junit.platform.engine.support.hierarchical.NodeTestTask.lambda$executeRecursively$9(NodeTestTask.java:139)
	at org.junit.platform.engine.support.hierarchical.ThrowableCollector.execute(ThrowableCollector.java:73)
	at org.junit.platform.engine.support.hierarchical.NodeTestTask.executeRecursively(NodeTestTask.java:138)
	at org.junit.platform.engine.support.hierarchical.NodeTestTask.execute(NodeTestTask.java:95)
	at java.base/java.util.ArrayList.forEach(ArrayList.java:1604)
	at org.junit.platform.engine.support.hierarchical.SameThreadHierarchicalTestExecutorService.invokeAll(SameThreadHierarchicalTestExecutorService.java:41)
	at org.junit.platform.engine.support.hierarchical.NodeTestTask.lambda$executeRecursively$6(NodeTestTask.java:155)
	at org.junit.platform.engine.support.hierarchical.ThrowableCollector.execute(ThrowableCollector.java:73)
	at org.junit.platform.engine.support.hierarchical.NodeTestTask.lambda$executeRecursively$8(NodeTestTask.java:141)
	at org.junit.platform.engine.support.hierarchical.Node.around(Node.java:137)
	at org.junit.platform.engine.support.hierarchical.NodeTestTask.lambda$executeRecursively$9(NodeTestTask.java:139)
	at org.junit.platform.engine.support.hierarchical.ThrowableCollector.execute(ThrowableCollector.java:73)
	at org.junit.platform.engine.support.hierarchical.NodeTestTask.executeRecursively(NodeTestTask.java:138)
	at org.junit.platform.engine.support.hierarchical.NodeTestTask.execute(NodeTestTask.java:95)
	at java.base/java.util.ArrayList.forEach(ArrayList.java:1604)
	at org.junit.platform.engine.support.hierarchical.SameThreadHierarchicalTestExecutorService.invokeAll(SameThreadHierarchicalTestExecutorService.java:41)
	at org.junit.platform.engine.support.hierarchical.NodeTestTask.lambda$executeRecursively$6(NodeTestTask.java:155)
	at org.junit.platform.engine.support.hierarchical.ThrowableCollector.execute(ThrowableCollector.java:73)
	at org.junit.platform.engine.support.hierarchical.NodeTestTask.lambda$executeRecursively$8(NodeTestTask.java:141)
	at org.junit.platform.engine.support.hierarchical.Node.around(Node.java:137)
	at org.junit.platform.engine.support.hierarchical.NodeTestTask.lambda$executeRecursively$9(NodeTestTask.java:139)
	at org.junit.platform.engine.support.hierarchical.ThrowableCollector.execute(ThrowableCollector.java:73)
	at org.junit.platform.engine.support.hierarchical.NodeTestTask.executeRecursively(NodeTestTask.java:138)
	at org.junit.platform.engine.support.hierarchical.NodeTestTask.execute(NodeTestTask.java:95)
	at org.junit.platform.engine.support.hierarchical.SameThreadHierarchicalTestExecutorService.submit(SameThreadHierarchicalTestExecutorService.java:35)
	at org.junit.platform.engine.support.hierarchical.HierarchicalTestExecutor.execute(HierarchicalTestExecutor.java:57)
	at org.junit.platform.engine.support.hierarchical.HierarchicalTestEngine.execute(HierarchicalTestEngine.java:54)
	at org.junit.platform.launcher.core.EngineExecutionOrchestrator.execute(EngineExecutionOrchestrator.java:147)
	at org.junit.platform.launcher.core.EngineExecutionOrchestrator.execute(EngineExecutionOrchestrator.java:127)
	at org.junit.platform.launcher.core.EngineExecutionOrchestrator.execute(EngineExecutionOrchestrator.java:90)
	at org.junit.platform.launcher.core.EngineExecutionOrchestrator.lambda$execute$0(EngineExecutionOrchestrator.java:55)
	at org.junit.platform.launcher.core.EngineExecutionOrchestrator.withInterceptedStreams(EngineExecutionOrchestrator.java:102)
	at org.junit.platform.launcher.core.EngineExecutionOrchestrator.execute(EngineExecutionOrchestrator.java:54)
	at org.junit.platform.launcher.core.DefaultLauncher.execute(DefaultLauncher.java:114)
	at org.junit.platform.launcher.core.DefaultLauncher.execute(DefaultLauncher.java:95)
	at org.junit.platform.launcher.core.DefaultLauncherSession$DelegatingLauncher.execute(DefaultLauncherSession.java:91)
	at org.junit.platform.launcher.core.SessionPerRequestLauncher.execute(SessionPerRequestLauncher.java:60)
	at org.eclipse.jdt.internal.junit5.runner.JUnit5TestReference.run(JUnit5TestReference.java:100)
	at org.eclipse.jdt.internal.junit.runner.TestExecution.run(TestExecution.java:40)
	at org.eclipse.jdt.internal.junit.runner.RemoteTestRunner.runTests(RemoteTestRunner.java:520)
	at org.eclipse.jdt.internal.junit.runner.RemoteTestRunner.runTests(RemoteTestRunner.java:748)
	at org.eclipse.jdt.internal.junit.runner.RemoteTestRunner.run(RemoteTestRunner.java:443)
	at org.eclipse.jdt.internal.junit.runner.RemoteTestRunner.main(RemoteTestRunner.java:211)
2025-10-02 09:54:13.174 [org.syos.Main.main()] INFO  org.syos.infrastructure.util.LoggingService - SYOS POS Application starting up...
2025-10-02 09:54:14.223 [org.syos.Main.main()] WARN  org.syos.infrastructure.util.LoggingService - Slow operation detected - Operation: Application Startup, Time: 1044ms, Threshold: 1000ms
2025-10-02 09:58:57.735 [Thread-2] INFO  org.syos.infrastructure.util.LoggingService - SYOS POS Application shutting down...
2025-10-02 10:17:38.314 [main] INFO  org.syos.infrastructure.util.LoggingService - SYOS POS Application starting up...
2025-10-02 10:17:38.559 [main] ERROR org.syos.infrastructure.util.LoggingService - Demonstration error
java.lang.RuntimeException: Sample error for demonstration
	at org.syos.infrastructure.util.LoggingServiceDemoTest.demonstrateLoggingServiceFeatures(LoggingServiceDemoTest.java:65)
	at java.base/jdk.internal.reflect.DirectMethodHandleAccessor.invoke(DirectMethodHandleAccessor.java:104)
	at java.base/java.lang.reflect.Method.invoke(Method.java:565)
	at org.junit.platform.commons.util.ReflectionUtils.invokeMethod(ReflectionUtils.java:727)
	at org.junit.jupiter.engine.execution.MethodInvocation.proceed(MethodInvocation.java:60)
	at org.junit.jupiter.engine.execution.InvocationInterceptorChain$ValidatingInvocation.proceed(InvocationInterceptorChain.java:131)
	at org.junit.jupiter.engine.extension.TimeoutExtension.intercept(TimeoutExtension.java:156)
	at org.junit.jupiter.engine.extension.TimeoutExtension.interceptTestableMethod(TimeoutExtension.java:147)
	at org.junit.jupiter.engine.extension.TimeoutExtension.interceptTestMethod(TimeoutExtension.java:86)
	at org.junit.jupiter.engine.execution.InterceptingExecutableInvoker$ReflectiveInterceptorCall.lambda$ofVoidMethod$0(InterceptingExecutableInvoker.java:103)
	at org.junit.jupiter.engine.execution.InterceptingExecutableInvoker.lambda$invoke$0(InterceptingExecutableInvoker.java:93)
	at org.junit.jupiter.engine.execution.InvocationInterceptorChain$InterceptedInvocation.proceed(InvocationInterceptorChain.java:106)
	at org.junit.jupiter.engine.execution.InvocationInterceptorChain.proceed(InvocationInterceptorChain.java:64)
	at org.junit.jupiter.engine.execution.InvocationInterceptorChain.chainAndInvoke(InvocationInterceptorChain.java:45)
	at org.junit.jupiter.engine.execution.InvocationInterceptorChain.invoke(InvocationInterceptorChain.java:37)
	at org.junit.jupiter.engine.execution.InterceptingExecutableInvoker.invoke(InterceptingExecutableInvoker.java:92)
	at org.junit.jupiter.engine.execution.InterceptingExecutableInvoker.invoke(InterceptingExecutableInvoker.java:86)
	at org.junit.jupiter.engine.descriptor.TestMethodTestDescriptor.lambda$invokeTestMethod$7(TestMethodTestDescriptor.java:217)
	at org.junit.platform.engine.support.hierarchical.ThrowableCollector.execute(ThrowableCollector.java:73)
	at org.junit.jupiter.engine.descriptor.TestMethodTestDescriptor.invokeTestMethod(TestMethodTestDescriptor.java:213)
	at org.junit.jupiter.engine.descriptor.TestMethodTestDescriptor.execute(TestMethodTestDescriptor.java:138)
	at org.junit.jupiter.engine.descriptor.TestMethodTestDescriptor.execute(TestMethodTestDescriptor.java:68)
	at org.junit.platform.engine.support.hierarchical.NodeTestTask.lambda$executeRecursively$6(NodeTestTask.java:151)
	at org.junit.platform.engine.support.hierarchical.ThrowableCollector.execute(ThrowableCollector.java:73)
	at org.junit.platform.engine.support.hierarchical.NodeTestTask.lambda$executeRecursively$8(NodeTestTask.java:141)
	at org.junit.platform.engine.support.hierarchical.Node.around(Node.java:137)
	at org.junit.platform.engine.support.hierarchical.NodeTestTask.lambda$executeRecursively$9(NodeTestTask.java:139)
	at org.junit.platform.engine.support.hierarchical.ThrowableCollector.execute(ThrowableCollector.java:73)
	at org.junit.platform.engine.support.hierarchical.NodeTestTask.executeRecursively(NodeTestTask.java:138)
	at org.junit.platform.engine.support.hierarchical.NodeTestTask.execute(NodeTestTask.java:95)
	at java.base/java.util.ArrayList.forEach(ArrayList.java:1604)
	at org.junit.platform.engine.support.hierarchical.SameThreadHierarchicalTestExecutorService.invokeAll(SameThreadHierarchicalTestExecutorService.java:41)
	at org.junit.platform.engine.support.hierarchical.NodeTestTask.lambda$executeRecursively$6(NodeTestTask.java:155)
	at org.junit.platform.engine.support.hierarchical.ThrowableCollector.execute(ThrowableCollector.java:73)
	at org.junit.platform.engine.support.hierarchical.NodeTestTask.lambda$executeRecursively$8(NodeTestTask.java:141)
	at org.junit.platform.engine.support.hierarchical.Node.around(Node.java:137)
	at org.junit.platform.engine.support.hierarchical.NodeTestTask.lambda$executeRecursively$9(NodeTestTask.java:139)
	at org.junit.platform.engine.support.hierarchical.ThrowableCollector.execute(ThrowableCollector.java:73)
	at org.junit.platform.engine.support.hierarchical.NodeTestTask.executeRecursively(NodeTestTask.java:138)
	at org.junit.platform.engine.support.hierarchical.NodeTestTask.execute(NodeTestTask.java:95)
	at java.base/java.util.ArrayList.forEach(ArrayList.java:1604)
	at org.junit.platform.engine.support.hierarchical.SameThreadHierarchicalTestExecutorService.invokeAll(SameThreadHierarchicalTestExecutorService.java:41)
	at org.junit.platform.engine.support.hierarchical.NodeTestTask.lambda$executeRecursively$6(NodeTestTask.java:155)
	at org.junit.platform.engine.support.hierarchical.ThrowableCollector.execute(ThrowableCollector.java:73)
	at org.junit.platform.engine.support.hierarchical.NodeTestTask.lambda$executeRecursively$8(NodeTestTask.java:141)
	at org.junit.platform.engine.support.hierarchical.Node.around(Node.java:137)
	at org.junit.platform.engine.support.hierarchical.NodeTestTask.lambda$executeRecursively$9(NodeTestTask.java:139)
	at org.junit.platform.engine.support.hierarchical.ThrowableCollector.execute(ThrowableCollector.java:73)
	at org.junit.platform.engine.support.hierarchical.NodeTestTask.executeRecursively(NodeTestTask.java:138)
	at org.junit.platform.engine.support.hierarchical.NodeTestTask.execute(NodeTestTask.java:95)
	at org.junit.platform.engine.support.hierarchical.SameThreadHierarchicalTestExecutorService.submit(SameThreadHierarchicalTestExecutorService.java:35)
	at org.junit.platform.engine.support.hierarchical.HierarchicalTestExecutor.execute(HierarchicalTestExecutor.java:57)
	at org.junit.platform.engine.support.hierarchical.HierarchicalTestEngine.execute(HierarchicalTestEngine.java:54)
	at org.junit.platform.launcher.core.EngineExecutionOrchestrator.execute(EngineExecutionOrchestrator.java:147)
	at org.junit.platform.launcher.core.EngineExecutionOrchestrator.execute(EngineExecutionOrchestrator.java:127)
	at org.junit.platform.launcher.core.EngineExecutionOrchestrator.execute(EngineExecutionOrchestrator.java:90)
	at org.junit.platform.launcher.core.EngineExecutionOrchestrator.lambda$execute$0(EngineExecutionOrchestrator.java:55)
	at org.junit.platform.launcher.core.EngineExecutionOrchestrator.withInterceptedStreams(EngineExecutionOrchestrator.java:102)
	at org.junit.platform.launcher.core.EngineExecutionOrchestrator.execute(EngineExecutionOrchestrator.java:54)
	at org.junit.platform.launcher.core.DefaultLauncher.execute(DefaultLauncher.java:114)
	at org.junit.platform.launcher.core.DefaultLauncher.execute(DefaultLauncher.java:86)
	at org.junit.platform.launcher.core.DefaultLauncherSession$DelegatingLauncher.execute(DefaultLauncherSession.java:86)
	at org.apache.maven.surefire.junitplatform.LazyLauncher.execute(LazyLauncher.java:56)
	at org.apache.maven.surefire.junitplatform.JUnitPlatformProvider.execute(JUnitPlatformProvider.java:184)
	at org.apache.maven.surefire.junitplatform.JUnitPlatformProvider.invokeAllTests(JUnitPlatformProvider.java:148)
	at org.apache.maven.surefire.junitplatform.JUnitPlatformProvider.invoke(JUnitPlatformProvider.java:122)
	at org.apache.maven.surefire.booter.ForkedBooter.runSuitesInProcess(ForkedBooter.java:385)
	at org.apache.maven.surefire.booter.ForkedBooter.execute(ForkedBooter.java:162)
	at org.apache.maven.surefire.booter.ForkedBooter.run(ForkedBooter.java:507)
	at org.apache.maven.surefire.booter.ForkedBooter.main(ForkedBooter.java:495)
2025-10-02 10:17:38.566 [main] WARN  org.syos.infrastructure.util.LoggingService - Validation error - Entity: Customer, Field: phoneNumber, Value: invalid-phone, Error: Invalid phone format
2025-10-02 10:17:38.567 [main] WARN  org.syos.infrastructure.util.LoggingService - Business rule violation - Rule: InsufficientStock, Context: Item ITEM-001 quantity: 0
2025-10-02 10:17:38.622 [main] WARN  org.syos.infrastructure.util.LoggingService - Slow operation detected - Operation: Database Query, Time: 1500ms, Threshold: 1000ms
2025-10-02 10:17:38.623 [main] INFO  org.syos.infrastructure.util.LoggingService - SYOS POS Application shutting down...
2025-10-02 10:17:38.672 [main] ERROR org.syos.infrastructure.util.LoggingService - Operation failed: Error Operation after 26ms - Error: Simulated error for testing
java.lang.RuntimeException: Simulated error for testing
	at org.syos.infrastructure.util.LoggingServiceDemoTest.testPerformanceMonitoringWithError(LoggingServiceDemoTest.java:131)
	at java.base/jdk.internal.reflect.DirectMethodHandleAccessor.invoke(DirectMethodHandleAccessor.java:104)
	at java.base/java.lang.reflect.Method.invoke(Method.java:565)
	at org.junit.platform.commons.util.ReflectionUtils.invokeMethod(ReflectionUtils.java:727)
	at org.junit.jupiter.engine.execution.MethodInvocation.proceed(MethodInvocation.java:60)
	at org.junit.jupiter.engine.execution.InvocationInterceptorChain$ValidatingInvocation.proceed(InvocationInterceptorChain.java:131)
	at org.junit.jupiter.engine.extension.TimeoutExtension.intercept(TimeoutExtension.java:156)
	at org.junit.jupiter.engine.extension.TimeoutExtension.interceptTestableMethod(TimeoutExtension.java:147)
	at org.junit.jupiter.engine.extension.TimeoutExtension.interceptTestMethod(TimeoutExtension.java:86)
	at org.junit.jupiter.engine.execution.InterceptingExecutableInvoker$ReflectiveInterceptorCall.lambda$ofVoidMethod$0(InterceptingExecutableInvoker.java:103)
	at org.junit.jupiter.engine.execution.InterceptingExecutableInvoker.lambda$invoke$0(InterceptingExecutableInvoker.java:93)
	at org.junit.jupiter.engine.execution.InvocationInterceptorChain$InterceptedInvocation.proceed(InvocationInterceptorChain.java:106)
	at org.junit.jupiter.engine.execution.InvocationInterceptorChain.proceed(InvocationInterceptorChain.java:64)
	at org.junit.jupiter.engine.execution.InvocationInterceptorChain.chainAndInvoke(InvocationInterceptorChain.java:45)
	at org.junit.jupiter.engine.execution.InvocationInterceptorChain.invoke(InvocationInterceptorChain.java:37)
	at org.junit.jupiter.engine.execution.InterceptingExecutableInvoker.invoke(InterceptingExecutableInvoker.java:92)
	at org.junit.jupiter.engine.execution.InterceptingExecutableInvoker.invoke(InterceptingExecutableInvoker.java:86)
	at org.junit.jupiter.engine.descriptor.TestMethodTestDescriptor.lambda$invokeTestMethod$7(TestMethodTestDescriptor.java:217)
	at org.junit.platform.engine.support.hierarchical.ThrowableCollector.execute(ThrowableCollector.java:73)
	at org.junit.jupiter.engine.descriptor.TestMethodTestDescriptor.invokeTestMethod(TestMethodTestDescriptor.java:213)
	at org.junit.jupiter.engine.descriptor.TestMethodTestDescriptor.execute(TestMethodTestDescriptor.java:138)
	at org.junit.jupiter.engine.descriptor.TestMethodTestDescriptor.execute(TestMethodTestDescriptor.java:68)
	at org.junit.platform.engine.support.hierarchical.NodeTestTask.lambda$executeRecursively$6(NodeTestTask.java:151)
	at org.junit.platform.engine.support.hierarchical.ThrowableCollector.execute(ThrowableCollector.java:73)
	at org.junit.platform.engine.support.hierarchical.NodeTestTask.lambda$executeRecursively$8(NodeTestTask.java:141)
	at org.junit.platform.engine.support.hierarchical.Node.around(Node.java:137)
	at org.junit.platform.engine.support.hierarchical.NodeTestTask.lambda$executeRecursively$9(NodeTestTask.java:139)
	at org.junit.platform.engine.support.hierarchical.ThrowableCollector.execute(ThrowableCollector.java:73)
	at org.junit.platform.engine.support.hierarchical.NodeTestTask.executeRecursively(NodeTestTask.java:138)
	at org.junit.platform.engine.support.hierarchical.NodeTestTask.execute(NodeTestTask.java:95)
	at java.base/java.util.ArrayList.forEach(ArrayList.java:1604)
	at org.junit.platform.engine.support.hierarchical.SameThreadHierarchicalTestExecutorService.invokeAll(SameThreadHierarchicalTestExecutorService.java:41)
	at org.junit.platform.engine.support.hierarchical.NodeTestTask.lambda$executeRecursively$6(NodeTestTask.java:155)
	at org.junit.platform.engine.support.hierarchical.ThrowableCollector.execute(ThrowableCollector.java:73)
	at org.junit.platform.engine.support.hierarchical.NodeTestTask.lambda$executeRecursively$8(NodeTestTask.java:141)
	at org.junit.platform.engine.support.hierarchical.Node.around(Node.java:137)
	at org.junit.platform.engine.support.hierarchical.NodeTestTask.lambda$executeRecursively$9(NodeTestTask.java:139)
	at org.junit.platform.engine.support.hierarchical.ThrowableCollector.execute(ThrowableCollector.java:73)
	at org.junit.platform.engine.support.hierarchical.NodeTestTask.executeRecursively(NodeTestTask.java:138)
	at org.junit.platform.engine.support.hierarchical.NodeTestTask.execute(NodeTestTask.java:95)
	at java.base/java.util.ArrayList.forEach(ArrayList.java:1604)
	at org.junit.platform.engine.support.hierarchical.SameThreadHierarchicalTestExecutorService.invokeAll(SameThreadHierarchicalTestExecutorService.java:41)
	at org.junit.platform.engine.support.hierarchical.NodeTestTask.lambda$executeRecursively$6(NodeTestTask.java:155)
	at org.junit.platform.engine.support.hierarchical.ThrowableCollector.execute(ThrowableCollector.java:73)
	at org.junit.platform.engine.support.hierarchical.NodeTestTask.lambda$executeRecursively$8(NodeTestTask.java:141)
	at org.junit.platform.engine.support.hierarchical.Node.around(Node.java:137)
	at org.junit.platform.engine.support.hierarchical.NodeTestTask.lambda$executeRecursively$9(NodeTestTask.java:139)
	at org.junit.platform.engine.support.hierarchical.ThrowableCollector.execute(ThrowableCollector.java:73)
	at org.junit.platform.engine.support.hierarchical.NodeTestTask.executeRecursively(NodeTestTask.java:138)
	at org.junit.platform.engine.support.hierarchical.NodeTestTask.execute(NodeTestTask.java:95)
	at org.junit.platform.engine.support.hierarchical.SameThreadHierarchicalTestExecutorService.submit(SameThreadHierarchicalTestExecutorService.java:35)
	at org.junit.platform.engine.support.hierarchical.HierarchicalTestExecutor.execute(HierarchicalTestExecutor.java:57)
	at org.junit.platform.engine.support.hierarchical.HierarchicalTestEngine.execute(HierarchicalTestEngine.java:54)
	at org.junit.platform.launcher.core.EngineExecutionOrchestrator.execute(EngineExecutionOrchestrator.java:147)
	at org.junit.platform.launcher.core.EngineExecutionOrchestrator.execute(EngineExecutionOrchestrator.java:127)
	at org.junit.platform.launcher.core.EngineExecutionOrchestrator.execute(EngineExecutionOrchestrator.java:90)
	at org.junit.platform.launcher.core.EngineExecutionOrchestrator.lambda$execute$0(EngineExecutionOrchestrator.java:55)
	at org.junit.platform.launcher.core.EngineExecutionOrchestrator.withInterceptedStreams(EngineExecutionOrchestrator.java:102)
	at org.junit.platform.launcher.core.EngineExecutionOrchestrator.execute(EngineExecutionOrchestrator.java:54)
	at org.junit.platform.launcher.core.DefaultLauncher.execute(DefaultLauncher.java:114)
	at org.junit.platform.launcher.core.DefaultLauncher.execute(DefaultLauncher.java:86)
	at org.junit.platform.launcher.core.DefaultLauncherSession$DelegatingLauncher.execute(DefaultLauncherSession.java:86)
	at org.apache.maven.surefire.junitplatform.LazyLauncher.execute(LazyLauncher.java:56)
	at org.apache.maven.surefire.junitplatform.JUnitPlatformProvider.execute(JUnitPlatformProvider.java:184)
	at org.apache.maven.surefire.junitplatform.JUnitPlatformProvider.invokeAllTests(JUnitPlatformProvider.java:148)
	at org.apache.maven.surefire.junitplatform.JUnitPlatformProvider.invoke(JUnitPlatformProvider.java:122)
	at org.apache.maven.surefire.booter.ForkedBooter.runSuitesInProcess(ForkedBooter.java:385)
	at org.apache.maven.surefire.booter.ForkedBooter.execute(ForkedBooter.java:162)
	at org.apache.maven.surefire.booter.ForkedBooter.run(ForkedBooter.java:507)
	at org.apache.maven.surefire.booter.ForkedBooter.main(ForkedBooter.java:495)
2025-10-02 10:19:35.362 [org.syos.Main.main()] INFO  org.syos.infrastructure.util.LoggingService - SYOS POS Application starting up...
2025-10-02 10:19:36.568 [org.syos.Main.main()] WARN  org.syos.infrastructure.util.LoggingService - Slow operation detected - Operation: Application Startup, Time: 1203ms, Threshold: 1000ms
2025-10-02 10:23:33.679 [Thread-2] INFO  org.syos.infrastructure.util.LoggingService - SYOS POS Application shutting down...
2025-10-02 10:27:07.031 [org.syos.Main.main()] INFO  org.syos.infrastructure.util.LoggingService - SYOS POS Application starting up...
2025-10-02 10:27:08.044 [org.syos.Main.main()] WARN  org.syos.infrastructure.util.LoggingService - Slow operation detected - Operation: Application Startup, Time: 1010ms, Threshold: 1000ms
2025-10-02 10:29:39.381 [Thread-2] INFO  org.syos.infrastructure.util.LoggingService - SYOS POS Application shutting down...
2025-10-02 10:30:43.577 [org.syos.Main.main()] INFO  org.syos.infrastructure.util.LoggingService - SYOS POS Application starting up...
2025-10-02 10:32:49.236 [Thread-2] INFO  org.syos.infrastructure.util.LoggingService - SYOS POS Application shutting down...
2025-10-02 10:33:47.074 [org.syos.Main.main()] INFO  org.syos.infrastructure.util.LoggingService - SYOS POS Application starting up...
2025-10-02 10:34:31.010 [Thread-2] INFO  org.syos.infrastructure.util.LoggingService - SYOS POS Application shutting down...
2025-10-02 10:34:31.006 [org.syos.Main.main()] ERROR org.syos.infrastructure.util.LoggingService - Operation failed: Main Application Loop after 42934ms - Error: No line found
java.util.NoSuchElementException: No line found
	at java.base/java.util.Scanner.nextLine(Scanner.java:1677)
	at org.syos.view.ConsoleView.getInput(ConsoleView.java:66)
	at org.syos.view.MenuView.getLoginCredentials(MenuView.java:28)
	at org.syos.controller.MainController.run(MainController.java:48)
	at org.syos.Main.main(Main.java:104)
	at org.codehaus.mojo.exec.ExecJavaMojo$1.run(ExecJavaMojo.java:279)
	at java.base/java.lang.Thread.run(Thread.java:1447)
2025-10-02 10:34:31.014 [org.syos.Main.main()] ERROR org.syos.infrastructure.util.LoggingService - Error in main application loop
java.util.NoSuchElementException: No line found
	at java.base/java.util.Scanner.nextLine(Scanner.java:1677)
	at org.syos.view.ConsoleView.getInput(ConsoleView.java:66)
	at org.syos.view.MenuView.getLoginCredentials(MenuView.java:28)
	at org.syos.controller.MainController.run(MainController.java:48)
	at org.syos.Main.main(Main.java:104)
	at org.codehaus.mojo.exec.ExecJavaMojo$1.run(ExecJavaMojo.java:279)
	at java.base/java.lang.Thread.run(Thread.java:1447)
2025-10-02 10:34:31.014 [org.syos.Main.main()] ERROR org.syos.infrastructure.util.LoggingService - Fatal error starting application
java.util.NoSuchElementException: No line found
	at java.base/java.util.Scanner.nextLine(Scanner.java:1677)
	at org.syos.view.ConsoleView.getInput(ConsoleView.java:66)
	at org.syos.view.MenuView.getLoginCredentials(MenuView.java:28)
	at org.syos.controller.MainController.run(MainController.java:48)
	at org.syos.Main.main(Main.java:104)
	at org.codehaus.mojo.exec.ExecJavaMojo$1.run(ExecJavaMojo.java:279)
	at java.base/java.lang.Thread.run(Thread.java:1447)
2025-10-02 10:38:07.251 [org.syos.Main.main()] INFO  org.syos.infrastructure.util.LoggingService - SYOS POS Application starting up...
2025-10-02 10:41:41.125 [Thread-2] INFO  org.syos.infrastructure.util.LoggingService - SYOS POS Application shutting down...
2025-10-02 10:41:41.124 [org.syos.Main.main()] ERROR org.syos.infrastructure.util.LoggingService - Error in role routing for role: MANAGER
java.util.NoSuchElementException: No line found
	at java.base/java.util.Scanner.nextLine(Scanner.java:1677)
	at org.syos.view.ConsoleView.displayMenu(ConsoleView.java:55)
	at org.syos.view.ManagerView.stockManagementMenu(ManagerView.java:116)
	at org.syos.view.ManagerView.display(ManagerView.java:38)
	at org.syos.controller.MainController.routeToRoleView(MainController.java:121)
	at org.syos.controller.MainController.run(MainController.java:65)
	at org.syos.Main.main(Main.java:104)
	at org.codehaus.mojo.exec.ExecJavaMojo$1.run(ExecJavaMojo.java:279)
	at java.base/java.lang.Thread.run(Thread.java:1447)
2025-10-02 10:42:32.141 [org.syos.Main.main()] INFO  org.syos.infrastructure.util.LoggingService - SYOS POS Application starting up...
2025-10-02 10:45:02.179 [org.syos.Main.main()] ERROR org.syos.infrastructure.util.LoggingService - Error in role routing for role: MANAGER
java.util.NoSuchElementException: No line found
	at java.base/java.util.Scanner.nextLine(Scanner.java:1677)
	at org.syos.view.ConsoleView.pause(ConsoleView.java:102)
	at org.syos.view.ManagerView.viewShelfStock(ManagerView.java:357)
	at org.syos.view.ManagerView.stockManagementMenu(ManagerView.java:132)
	at org.syos.view.ManagerView.display(ManagerView.java:38)
	at org.syos.controller.MainController.routeToRoleView(MainController.java:121)
	at org.syos.controller.MainController.run(MainController.java:65)
	at org.syos.Main.main(Main.java:104)
	at org.codehaus.mojo.exec.ExecJavaMojo$1.run(ExecJavaMojo.java:279)
	at java.base/java.lang.Thread.run(Thread.java:1447)
2025-10-02 10:45:02.182 [Thread-2] INFO  org.syos.infrastructure.util.LoggingService - SYOS POS Application shutting down...
2025-10-02 10:52:46.145 [org.syos.Main.main()] INFO  org.syos.infrastructure.util.LoggingService - SYOS POS Application starting up...
2025-10-02 11:01:36.341 [Thread-2] INFO  org.syos.infrastructure.util.LoggingService - SYOS POS Application shutting down...
2025-10-02 11:02:03.341 [org.syos.Main.main()] INFO  org.syos.infrastructure.util.LoggingService - SYOS POS Application starting up...
2025-10-02 11:02:04.358 [org.syos.Main.main()] WARN  org.syos.infrastructure.util.LoggingService - Slow operation detected - Operation: Application Startup, Time: 1010ms, Threshold: 1000ms
2025-10-02 11:04:08.745 [org.syos.Main.main()] ERROR org.syos.infrastructure.util.LoggingService - Error processing counter sale for customer: Tahir
java.lang.RuntimeException: Transaction failed
	at org.syos.infrastructure.persistence.TransactionManager.executeInTransaction(TransactionManager.java:42)
	at org.syos.application.usecase.BillingAppService.processSale(BillingAppService.java:154)
	at org.syos.application.usecase.BillingAppService.processCounterSale(BillingAppService.java:70)
	at org.syos.controller.CashierController.processCounterSale(CashierController.java:59)
	at org.syos.view.EnhancedCashierView.processEnhancedSale(EnhancedCashierView.java:189)
	at org.syos.view.EnhancedCashierView.display(EnhancedCashierView.java:37)
	at org.syos.controller.MainController.routeToRoleView(MainController.java:115)
	at org.syos.controller.MainController.run(MainController.java:65)
	at org.syos.Main.main(Main.java:104)
	at org.codehaus.mojo.exec.ExecJavaMojo$1.run(ExecJavaMojo.java:279)
	at java.base/java.lang.Thread.run(Thread.java:1447)
Caused by: java.lang.RuntimeException: Failed to save sale: Error finding shelf stock by item code: Timeout waiting for database connection - pool may be exhausted
	at org.syos.application.usecase.BillingAppService.lambda$0(BillingAppService.java:165)
	at org.syos.infrastructure.persistence.TransactionManager.executeInTransaction(TransactionManager.java:29)
	... 10 common frames omitted
Caused by: java.lang.RuntimeException: Error finding shelf stock by item code: Timeout waiting for database connection - pool may be exhausted
	at org.syos.infrastructure.persistence.ShelfStockRepositoryImpl.findByItemCode(ShelfStockRepositoryImpl.java:83)
	at org.syos.application.usecase.BillingAppService.updateStockAfterSale(BillingAppService.java:219)
	at org.syos.application.usecase.BillingAppService.lambda$0(BillingAppService.java:158)
	... 11 common frames omitted
Caused by: java.sql.SQLException: Timeout waiting for database connection - pool may be exhausted
	at org.syos.infrastructure.persistence.DBConnection.getConnection(DBConnection.java:90)
	at org.syos.infrastructure.persistence.ShelfStockRepositoryImpl.findByItemCode(ShelfStockRepositoryImpl.java:69)
	... 13 common frames omitted
2025-10-02 11:04:08.749 [org.syos.Main.main()] ERROR org.syos.infrastructure.util.LoggingService - Operation failed: Process Counter Sale after 10114ms - Error: Transaction failed
java.lang.RuntimeException: Transaction failed
	at org.syos.infrastructure.persistence.TransactionManager.executeInTransaction(TransactionManager.java:42)
	at org.syos.application.usecase.BillingAppService.processSale(BillingAppService.java:154)
	at org.syos.application.usecase.BillingAppService.processCounterSale(BillingAppService.java:70)
	at org.syos.controller.CashierController.processCounterSale(CashierController.java:59)
	at org.syos.view.EnhancedCashierView.processEnhancedSale(EnhancedCashierView.java:189)
	at org.syos.view.EnhancedCashierView.display(EnhancedCashierView.java:37)
	at org.syos.controller.MainController.routeToRoleView(MainController.java:115)
	at org.syos.controller.MainController.run(MainController.java:65)
	at org.syos.Main.main(Main.java:104)
	at org.codehaus.mojo.exec.ExecJavaMojo$1.run(ExecJavaMojo.java:279)
	at java.base/java.lang.Thread.run(Thread.java:1447)
Caused by: java.lang.RuntimeException: Failed to save sale: Error finding shelf stock by item code: Timeout waiting for database connection - pool may be exhausted
	at org.syos.application.usecase.BillingAppService.lambda$0(BillingAppService.java:165)
	at org.syos.infrastructure.persistence.TransactionManager.executeInTransaction(TransactionManager.java:29)
	... 10 common frames omitted
Caused by: java.lang.RuntimeException: Error finding shelf stock by item code: Timeout waiting for database connection - pool may be exhausted
	at org.syos.infrastructure.persistence.ShelfStockRepositoryImpl.findByItemCode(ShelfStockRepositoryImpl.java:83)
	at org.syos.application.usecase.BillingAppService.updateStockAfterSale(BillingAppService.java:219)
	at org.syos.application.usecase.BillingAppService.lambda$0(BillingAppService.java:158)
	... 11 common frames omitted
Caused by: java.sql.SQLException: Timeout waiting for database connection - pool may be exhausted
	at org.syos.infrastructure.persistence.DBConnection.getConnection(DBConnection.java:90)
	at org.syos.infrastructure.persistence.ShelfStockRepositoryImpl.findByItemCode(ShelfStockRepositoryImpl.java:69)
	... 13 common frames omitted
2025-10-02 11:04:24.196 [Thread-2] INFO  org.syos.infrastructure.util.LoggingService - SYOS POS Application shutting down...
2025-10-02 11:19:17.113 [org.syos.Main.main()] INFO  org.syos.infrastructure.util.LoggingService - SYOS POS Application starting up...
2025-10-02 11:19:17.120 [org.syos.Main.main()] ERROR org.syos.infrastructure.util.LoggingService - Fatal error starting application
java.lang.RuntimeException: Failed to initialize database
	at org.syos.infrastructure.persistence.DatabaseInitializer.initialize(DatabaseInitializer.java:35)
	at org.syos.Main.main(Main.java:29)
	at org.codehaus.mojo.exec.ExecJavaMojo$1.run(ExecJavaMojo.java:279)
	at java.base/java.lang.Thread.run(Thread.java:1447)
Caused by: java.lang.ClassNotFoundException: org.h2.Driver
	at org.codehaus.mojo.exec.URLClassLoaderBuilder$ExecJavaClassLoader.loadClass(URLClassLoaderBuilder.java:198)
	at java.base/java.lang.ClassLoader.loadClass(ClassLoader.java:490)
	at java.base/java.lang.Class.forName0(Native Method)
	at java.base/java.lang.Class.forName(Class.java:463)
	at java.base/java.lang.Class.forName(Class.java:454)
	at org.syos.infrastructure.persistence.DBConnection.getConnection(DBConnection.java:42)
	at org.syos.infrastructure.persistence.DatabaseInitializer.initialize(DatabaseInitializer.java:24)
	... 3 common frames omitted
2025-10-02 11:21:10.818 [org.syos.Main.main()] INFO  org.syos.infrastructure.util.LoggingService - SYOS POS Application starting up...
2025-10-02 11:21:11.989 [org.syos.Main.main()] ERROR org.syos.infrastructure.util.LoggingService - Fatal error starting application
java.lang.RuntimeException: Failed to initialize database
	at org.syos.infrastructure.persistence.DatabaseInitializer.initialize(DatabaseInitializer.java:35)
	at org.syos.Main.main(Main.java:29)
	at org.codehaus.mojo.exec.ExecJavaMojo$1.run(ExecJavaMojo.java:279)
	at java.base/java.lang.Thread.run(Thread.java:1447)
Caused by: java.sql.SQLException: Cannot drop table 'item' referenced by a foreign key constraint 'stock_batch_ibfk_1' on table 'stock_batch'.
	at com.mysql.cj.jdbc.exceptions.SQLError.createSQLException(SQLError.java:130)
	at com.mysql.cj.jdbc.exceptions.SQLExceptionsMapping.translateException(SQLExceptionsMapping.java:122)
	at com.mysql.cj.jdbc.StatementImpl.executeInternal(StatementImpl.java:763)
	at com.mysql.cj.jdbc.StatementImpl.execute(StatementImpl.java:648)
	at org.syos.infrastructure.persistence.DatabaseInitializer.createTables(DatabaseInitializer.java:48)
	at org.syos.infrastructure.persistence.DatabaseInitializer.initialize(DatabaseInitializer.java:27)
	... 3 common frames omitted
2025-10-02 11:21:40.750 [org.syos.Main.main()] INFO  org.syos.infrastructure.util.LoggingService - SYOS POS Application starting up...
2025-10-02 11:21:41.584 [org.syos.Main.main()] ERROR org.syos.infrastructure.util.LoggingService - Fatal error starting application
java.lang.RuntimeException: Failed to initialize database
	at org.syos.infrastructure.persistence.DatabaseInitializer.initialize(DatabaseInitializer.java:35)
	at org.syos.Main.main(Main.java:29)
	at org.codehaus.mojo.exec.ExecJavaMojo$1.run(ExecJavaMojo.java:279)
	at java.base/java.lang.Thread.run(Thread.java:1447)
Caused by: java.sql.SQLException: Cannot drop table 'item' referenced by a foreign key constraint 'stock_batch_ibfk_1' on table 'stock_batch'.
	at com.mysql.cj.jdbc.exceptions.SQLError.createSQLException(SQLError.java:130)
	at com.mysql.cj.jdbc.exceptions.SQLExceptionsMapping.translateException(SQLExceptionsMapping.java:122)
	at com.mysql.cj.jdbc.StatementImpl.executeInternal(StatementImpl.java:763)
	at com.mysql.cj.jdbc.StatementImpl.execute(StatementImpl.java:648)
	at org.syos.infrastructure.persistence.DatabaseInitializer.createTables(DatabaseInitializer.java:48)
	at org.syos.infrastructure.persistence.DatabaseInitializer.initialize(DatabaseInitializer.java:27)
	... 3 common frames omitted
2025-10-02 11:25:59.485 [org.syos.Main.main()] INFO  org.syos.infrastructure.util.LoggingService - SYOS POS Application starting up...
2025-10-02 11:26:21.466 [Thread-2] INFO  org.syos.infrastructure.util.LoggingService - SYOS POS Application shutting down...
2025-10-02 11:27:11.965 [org.syos.Main.main()] INFO  org.syos.infrastructure.util.LoggingService - SYOS POS Application starting up...
2025-10-02 11:29:03.607 [org.syos.Main.main()] ERROR org.syos.infrastructure.util.LoggingService - Error processing counter sale for customer: Walk-in Customer
java.lang.IllegalArgumentException: Insufficient stock for item: Dove Baby Soap
	at org.syos.application.usecase.BillingAppService.processSale(BillingAppService.java:108)
	at org.syos.application.usecase.BillingAppService.processCounterSale(BillingAppService.java:70)
	at org.syos.controller.CashierController.processCounterSale(CashierController.java:59)
	at org.syos.view.EnhancedCashierView.processEnhancedSale(EnhancedCashierView.java:189)
	at org.syos.view.EnhancedCashierView.display(EnhancedCashierView.java:37)
	at org.syos.controller.MainController.routeToRoleView(MainController.java:115)
	at org.syos.controller.MainController.run(MainController.java:65)
	at org.syos.Main.main(Main.java:98)
	at org.codehaus.mojo.exec.ExecJavaMojo$1.run(ExecJavaMojo.java:279)
	at java.base/java.lang.Thread.run(Thread.java:1447)
2025-10-02 11:29:03.611 [org.syos.Main.main()] ERROR org.syos.infrastructure.util.LoggingService - Operation failed: Process Counter Sale after 106ms - Error: Insufficient stock for item: Dove Baby Soap
java.lang.IllegalArgumentException: Insufficient stock for item: Dove Baby Soap
	at org.syos.application.usecase.BillingAppService.processSale(BillingAppService.java:108)
	at org.syos.application.usecase.BillingAppService.processCounterSale(BillingAppService.java:70)
	at org.syos.controller.CashierController.processCounterSale(CashierController.java:59)
	at org.syos.view.EnhancedCashierView.processEnhancedSale(EnhancedCashierView.java:189)
	at org.syos.view.EnhancedCashierView.display(EnhancedCashierView.java:37)
	at org.syos.controller.MainController.routeToRoleView(MainController.java:115)
	at org.syos.controller.MainController.run(MainController.java:65)
	at org.syos.Main.main(Main.java:98)
	at org.codehaus.mojo.exec.ExecJavaMojo$1.run(ExecJavaMojo.java:279)
	at java.base/java.lang.Thread.run(Thread.java:1447)
2025-10-02 11:30:17.609 [org.syos.Main.main()] INFO  org.syos.infrastructure.util.LoggingService - SYOS POS Application starting up...
2025-10-02 11:34:20.688 [org.syos.Main.main()] INFO  org.syos.infrastructure.util.LoggingService - SYOS POS Application starting up...
2025-10-02 11:39:15.759 [Thread-2] INFO  org.syos.infrastructure.util.LoggingService - SYOS POS Application shutting down...
2025-10-02 11:54:30.625 [org.syos.Main.main()] INFO  org.syos.infrastructure.util.LoggingService - SYOS POS Application starting up...
2025-10-02 12:05:51.981 [Thread-2] INFO  org.syos.infrastructure.util.LoggingService - SYOS POS Application shutting down...
2025-10-02 12:05:59.076 [org.syos.Main.main()] INFO  org.syos.infrastructure.util.LoggingService - SYOS POS Application starting up...
2025-10-02 12:06:39.691 [Thread-2] INFO  org.syos.infrastructure.util.LoggingService - SYOS POS Application shutting down...
